<?xml version="1.0" encoding="UTF-8"?>
<!-- Generated by org.testng.reporters.JUnitReportReporter -->
<testsuite skipped="0" hostname="DESKTOP-K6JHOP8" name="zoha.AppiumTest" tests="2" failures="0" timestamp="2020-04-23T13:47:20 EDT" time="0.016" errors="0">
  <testcase name="IOSApp" time="0.014" classname="zoha.AppiumTest"/>
  <testcase name="androisApp" time="0.002" classname="zoha.AppiumTest"/>
</testsuite> <!-- zoha.AppiumTest -->
