<?xml version="1.0" encoding="UTF-8"?>
<!-- Generated by org.testng.reporters.JUnitReportReporter -->
<testsuite skipped="0" hostname="DESKTOP-K6JHOP8" name="zoha.RestApiTest" tests="2" failures="0" timestamp="2020-04-23T13:47:20 EDT" time="0.003" errors="0">
  <testcase name="deleteTwitter" time="0.001" classname="zoha.RestApiTest"/>
  <testcase name="postJira" time="0.002" classname="zoha.RestApiTest"/>
</testsuite> <!-- zoha.RestApiTest -->
