<?xml version="1.0" encoding="UTF-8"?>
<!-- Generated by org.testng.reporters.JUnitReportReporter -->
<testsuite skipped="0" hostname="DESKTOP-K6JHOP8" name="zoha.AppiumTest" tests="2" failures="0" timestamp="23 Apr 2020 00:54:05 GMT" time="0.007" errors="0">
  <testcase name="androisApp" time="0.000" classname="zoha.AppiumTest"/>
  <testcase name="IOSApp" time="0.007" classname="zoha.AppiumTest"/>
</testsuite> <!-- zoha.AppiumTest -->
