<?xml version="1.0" encoding="UTF-8"?>
<!-- Generated by org.testng.reporters.JUnitReportReporter -->
<testsuite skipped="0" hostname="DESKTOP-K6JHOP8" name="zoha.RestApiTest" tests="2" failures="0" timestamp="23 Apr 2020 00:54:32 GMT" time="0.000" errors="0">
  <testcase name="deleteTwitter" time="0.000" classname="zoha.RestApiTest"/>
  <testcase name="postJira" time="0.000" classname="zoha.RestApiTest"/>
</testsuite> <!-- zoha.RestApiTest -->
