<?xml version="1.0" encoding="UTF-8"?>
<!-- Generated by org.testng.reporters.JUnitReportReporter -->
<testsuite skipped="0" hostname="DESKTOP-K6JHOP8" name="zoha.SeleniumTest" tests="2" failures="0" timestamp="23 Apr 2020 00:54:32 GMT" time="0.007" errors="0">
  <testcase name="elementsUi" time="0.001" classname="zoha.SeleniumTest"/>
  <testcase name="browserAutomation" time="0.006" classname="zoha.SeleniumTest"/>
</testsuite> <!-- zoha.SeleniumTest -->
